USER     PID   TID   %CPU %MEM VSZ    RSS TT       STAT START   TIME     PIP COMMAND  
g10013   20901 20901 0.0  0.0  72192  556 pts/7    S    15:48   00:00:00 RC  pip-exec 
g10013   20902 20902 0.0  0.0  92620  684 pts/7    S    15:48   00:00:00 RG  pip-exec 
g10013   20903 20903 0.0  0.0  113032 804 pts/7    Sl   15:48   00:00:00 RT  pip-exec 
g10013   20904 20904 0.0  0.0  53748  444 pts/7    S    15:48   00:00:00 RL  pip-exec 
g10013   20908 20908 0.0  0.0  72192  556 pts/7    S    15:48   00:00:00 0C  ~c~      
g10013   20909 20909 0.0  0.0  92620  684 pts/7    S    15:48   00:00:00 0G  ~b~      
g10013   20910 20910 0.0  0.0  53748  444 pts/7    S    15:48   00:00:00 0L  ~d~      
g10013   20903 20911 0.0  0.0  113032 804 pts/7    Sl   15:48   00:00:00 0T  ~a~      
g10013   20913 20913 0.0  0.0  72192  556 pts/7    S    15:48   00:00:00 1C  ~c~      
g10013   20914 20914 0.0  0.0  92620  684 pts/7    S    15:48   00:00:00 1G  ~b~      
g10013   20915 20915 0.0  0.0  53748  444 pts/7    S    15:48   00:00:00 1L  ~d~      
g10013   20903 20916 0.0  0.0  113032 804 pts/7    Sl   15:48   00:00:00 1T  ~a~      
g10013   20917 20917 0.0  0.0  72192  556 pts/7    S    15:48   00:00:00 2C  ~c~      
g10013   20918 20918 0.0  0.0  92620  684 pts/7    S    15:48   00:00:00 2G  ~b~      
g10013   20903 20920 0.0  0.0  113032 804 pts/7    Sl   15:48   00:00:00 2T  ~a~      
g10013   20921 20921 0.0  0.0  92620  684 pts/7    S    15:48   00:00:00 3G  ~b~      
g10013   20903 20922 0.0  0.0  113032 804 pts/7    Sl   15:48   00:00:00 3T  ~a~      
g10013   20903 20924 0.0  0.0  113032 804 pts/7    Sl   15:48   00:00:00 4T  ~a~      
g10013   21010 21010 0.0  0.0  113032 804 pts/7    Sl   15:48   00:00:00 RT  pip-exec 
g10013   21011 21011 0.0  0.0  72192  556 pts/7    S    15:48   00:00:00 RC  pip-exec 
g10013   21012 21012 0.0  0.0  92620  688 pts/7    S    15:48   00:00:00 RG  pip-exec 
g10013   21013 21013 0.0  0.0  53748  444 pts/7    S    15:48   00:00:00 RL  pip-exec 
g10013   21010 21017 0.0  0.0  113032 804 pts/7    Sl   15:48   00:00:00 0T  ~a~      
g10013   21018 21018 0.0  0.0  72192  556 pts/7    S    15:48   00:00:00 0C  ~c~      
g10013   21019 21019 0.0  0.0  53748  444 pts/7    S    15:48   00:00:00 0L  ~d~      
g10013   21020 21020 0.0  0.0  92620  688 pts/7    S    15:48   00:00:00 0G  ~b~      
g10013   21010 21022 0.0  0.0  113032 804 pts/7    Sl   15:48   00:00:00 1T  ~a~      
g10013   21023 21023 0.0  0.0  72192  556 pts/7    S    15:48   00:00:00 1C  ~c~      
g10013   21024 21024 0.0  0.0  53748  444 pts/7    S    15:48   00:00:00 1L  ~d~      
g10013   21025 21025 0.0  0.0  92620  688 pts/7    S    15:48   00:00:00 1G  ~b~      
g10013   21010 21026 0.0  0.0  113032 804 pts/7    Sl   15:48   00:00:00 2T  ~a~      
g10013   21028 21028 0.0  0.0  72192  556 pts/7    S    15:48   00:00:00 2C  ~c~      
g10013   21029 21029 0.0  0.0  92620  688 pts/7    S    15:48   00:00:00 2G  ~b~      
g10013   21010 21030 0.0  0.0  113032 804 pts/7    Sl   15:48   00:00:00 3T  ~a~      
g10013   21031 21031 0.0  0.0  92620  688 pts/7    S    15:48   00:00:00 3G  ~b~      
g10013   21010 21032 0.0  0.0  113032 804 pts/7    Sl   15:48   00:00:00 4T  ~a~      
g10013   22815 22815 0.0  0.0  113032 804 pts/7    Sl+  15:50   00:00:00 RT  pip-exec 
g10013   22816 22816 0.0  0.0  72192  556 pts/7    S+   15:50   00:00:00 RC  pip-exec 
g10013   22817 22817 0.0  0.0  53748  444 pts/7    S+   15:50   00:00:00 RL  pip-exec 
g10013   22818 22818 0.0  0.0  92620  688 pts/7    S+   15:50   00:00:00 RG  pip-exec 
g10013   22819 22819 0.0  0.0  53748  444 pts/7    S+   15:50   00:00:00 0L  ~d~      
g10013   22815 22820 0.0  0.0  113032 804 pts/7    Sl+  15:50   00:00:00 0T  ~a~      
g10013   22821 22821 0.0  0.0  92620  688 pts/7    S+   15:50   00:00:00 0G  ~b~      
g10013   22822 22822 0.0  0.0  72192  556 pts/7    S+   15:50   00:00:00 0C  ~c~      
g10013   22823 22823 0.0  0.0  53748  444 pts/7    S+   15:50   00:00:00 1L  ~d~      
g10013   22815 22824 0.0  0.0  113032 804 pts/7    Sl+  15:50   00:00:00 1T  ~a~      
g10013   22825 22825 0.0  0.0  72192  556 pts/7    S+   15:50   00:00:00 1C  ~c~      
g10013   22826 22826 0.0  0.0  92620  688 pts/7    S+   15:50   00:00:00 1G  ~b~      
g10013   22815 22827 0.0  0.0  113032 804 pts/7    Sl+  15:50   00:00:00 2T  ~a~      
g10013   22828 22828 0.0  0.0  92620  688 pts/7    S+   15:50   00:00:00 2G  ~b~      
g10013   22829 22829 0.0  0.0  72192  556 pts/7    S+   15:50   00:00:00 2C  ~c~      
g10013   22815 22830 0.0  0.0  113032 804 pts/7    Sl+  15:50   00:00:00 3T  ~a~      
g10013   22831 22831 0.0  0.0  92620  688 pts/7    S+   15:50   00:00:00 3G  ~b~      
g10013   22815 22832 0.0  0.0  113032 804 pts/7    Sl+  15:50   00:00:00 4T  ~a~      
