USER     PID   TID   %CPU %MEM VSZ    RSS TT       STAT START   TIME     PIP COMMAND 
g10013   21010 21017 0.0  0.0  113032 804 pts/7    Sl   15:48   00:00:00 0T  ~a~     
g10013   21018 21018 0.0  0.0  72192  556 pts/7    S    15:48   00:00:00 0C  ~c~     
g10013   21019 21019 0.0  0.0  53748  444 pts/7    S    15:48   00:00:00 0L  ~d~     
g10013   21020 21020 0.0  0.0  92620  688 pts/7    S    15:48   00:00:00 0G  ~b~     
g10013   21010 21022 0.0  0.0  113032 804 pts/7    Sl   15:48   00:00:00 1T  ~a~     
g10013   21023 21023 0.0  0.0  72192  556 pts/7    S    15:48   00:00:00 1C  ~c~     
g10013   21024 21024 0.0  0.0  53748  444 pts/7    S    15:48   00:00:00 1L  ~d~     
g10013   21025 21025 0.0  0.0  92620  688 pts/7    S    15:48   00:00:00 1G  ~b~     
g10013   21010 21026 0.0  0.0  113032 804 pts/7    Sl   15:48   00:00:00 2T  ~a~     
g10013   21028 21028 0.0  0.0  72192  556 pts/7    S    15:48   00:00:00 2C  ~c~     
g10013   21029 21029 0.0  0.0  92620  688 pts/7    S    15:48   00:00:00 2G  ~b~     
g10013   21010 21030 0.0  0.0  113032 804 pts/7    Sl   15:48   00:00:00 3T  ~a~     
g10013   21031 21031 0.0  0.0  92620  688 pts/7    S    15:48   00:00:00 3G  ~b~     
g10013   21010 21032 0.0  0.0  113032 804 pts/7    Sl   15:48   00:00:00 4T  ~a~     
g10013   22819 22819 0.0  0.0  53748  444 pts/7    S+   15:50   00:00:00 0L  ~d~     
g10013   22815 22820 0.0  0.0  113032 804 pts/7    Sl+  15:50   00:00:00 0T  ~a~     
g10013   22821 22821 0.0  0.0  92620  688 pts/7    S+   15:50   00:00:00 0G  ~b~     
g10013   22822 22822 0.0  0.0  72192  556 pts/7    S+   15:50   00:00:00 0C  ~c~     
g10013   22823 22823 0.0  0.0  53748  444 pts/7    S+   15:50   00:00:00 1L  ~d~     
g10013   22815 22824 0.0  0.0  113032 804 pts/7    Sl+  15:50   00:00:00 1T  ~a~     
g10013   22825 22825 0.0  0.0  72192  556 pts/7    S+   15:50   00:00:00 1C  ~c~     
g10013   22826 22826 0.0  0.0  92620  688 pts/7    S+   15:50   00:00:00 1G  ~b~     
g10013   22815 22827 0.0  0.0  113032 804 pts/7    Sl+  15:50   00:00:00 2T  ~a~     
g10013   22828 22828 0.0  0.0  92620  688 pts/7    S+   15:50   00:00:00 2G  ~b~     
g10013   22829 22829 0.0  0.0  72192  556 pts/7    S+   15:50   00:00:00 2C  ~c~     
g10013   22815 22830 0.0  0.0  113032 804 pts/7    Sl+  15:50   00:00:00 3T  ~a~     
g10013   22831 22831 0.0  0.0  92620  688 pts/7    S+   15:50   00:00:00 3G  ~b~     
g10013   22815 22832 0.0  0.0  113032 804 pts/7    Sl+  15:50   00:00:00 4T  ~a~     
