PID   TID   TT       STAT TIME     PIP COMMAND  
21010 21010 pts/7    Sl   00:00:00 RT  pip-exec 
21010 21010 pts/7    Sl   00:00:00 RT  pip-exec 
21010 21010 pts/7    Sl   00:00:00 RT  pip-exec 
21010 21017 pts/7    Sl   00:00:00 0T  ~a~      
21010 21017 pts/7    Sl   00:00:00 0T  ~a~      
21010 21022 pts/7    Sl   00:00:00 1T  ~a~      
21010 21022 pts/7    Sl   00:00:00 1T  ~a~      
21010 21026 pts/7    Sl   00:00:00 2T  ~a~      
21010 21026 pts/7    Sl   00:00:00 2T  ~a~      
21010 21030 pts/7    Sl   00:00:00 3T  ~a~      
21010 21030 pts/7    Sl   00:00:00 3T  ~a~      
21010 21032 pts/7    Sl   00:00:00 4T  ~a~      
21010 21032 pts/7    Sl   00:00:00 4T  ~a~      
21010 21017 pts/7    Sl   00:00:00 0T  ~a~      
21010 21010 pts/7    Sl   00:00:00 RT  pip-exec 
21010 21010 pts/7    Sl   00:00:00 RT  pip-exec 
21010 21017 pts/7    Sl   00:00:00 0T  ~a~      
21010 21017 pts/7    Sl   00:00:00 0T  ~a~      
21010 21022 pts/7    Sl   00:00:00 1T  ~a~      
21010 21022 pts/7    Sl   00:00:00 1T  ~a~      
21010 21026 pts/7    Sl   00:00:00 2T  ~a~      
21010 21026 pts/7    Sl   00:00:00 2T  ~a~      
21010 21030 pts/7    Sl   00:00:00 3T  ~a~      
21010 21030 pts/7    Sl   00:00:00 3T  ~a~      
21010 21032 pts/7    Sl   00:00:00 4T  ~a~      
21010 21032 pts/7    Sl   00:00:00 4T  ~a~      
21010 21022 pts/7    Sl   00:00:00 1T  ~a~      
21010 21010 pts/7    Sl   00:00:00 RT  pip-exec 
21010 21010 pts/7    Sl   00:00:00 RT  pip-exec 
21010 21017 pts/7    Sl   00:00:00 0T  ~a~      
21010 21017 pts/7    Sl   00:00:00 0T  ~a~      
21010 21022 pts/7    Sl   00:00:00 1T  ~a~      
21010 21022 pts/7    Sl   00:00:00 1T  ~a~      
21010 21026 pts/7    Sl   00:00:00 2T  ~a~      
21010 21026 pts/7    Sl   00:00:00 2T  ~a~      
21010 21030 pts/7    Sl   00:00:00 3T  ~a~      
21010 21030 pts/7    Sl   00:00:00 3T  ~a~      
21010 21032 pts/7    Sl   00:00:00 4T  ~a~      
21010 21032 pts/7    Sl   00:00:00 4T  ~a~      
21010 21026 pts/7    Sl   00:00:00 2T  ~a~      
21010 21010 pts/7    Sl   00:00:00 RT  pip-exec 
21010 21010 pts/7    Sl   00:00:00 RT  pip-exec 
21010 21017 pts/7    Sl   00:00:00 0T  ~a~      
21010 21017 pts/7    Sl   00:00:00 0T  ~a~      
21010 21022 pts/7    Sl   00:00:00 1T  ~a~      
21010 21022 pts/7    Sl   00:00:00 1T  ~a~      
21010 21026 pts/7    Sl   00:00:00 2T  ~a~      
21010 21026 pts/7    Sl   00:00:00 2T  ~a~      
21010 21030 pts/7    Sl   00:00:00 3T  ~a~      
21010 21030 pts/7    Sl   00:00:00 3T  ~a~      
21010 21032 pts/7    Sl   00:00:00 4T  ~a~      
21010 21032 pts/7    Sl   00:00:00 4T  ~a~      
21010 21030 pts/7    Sl   00:00:00 3T  ~a~      
21010 21010 pts/7    Sl   00:00:00 RT  pip-exec 
21010 21010 pts/7    Sl   00:00:00 RT  pip-exec 
21010 21017 pts/7    Sl   00:00:00 0T  ~a~      
21010 21017 pts/7    Sl   00:00:00 0T  ~a~      
21010 21022 pts/7    Sl   00:00:00 1T  ~a~      
21010 21022 pts/7    Sl   00:00:00 1T  ~a~      
21010 21026 pts/7    Sl   00:00:00 2T  ~a~      
21010 21026 pts/7    Sl   00:00:00 2T  ~a~      
21010 21030 pts/7    Sl   00:00:00 3T  ~a~      
21010 21030 pts/7    Sl   00:00:00 3T  ~a~      
21010 21032 pts/7    Sl   00:00:00 4T  ~a~      
21010 21032 pts/7    Sl   00:00:00 4T  ~a~      
21010 21032 pts/7    Sl   00:00:00 4T  ~a~      
21010 21010 pts/7    Sl   00:00:00 RT  pip-exec 
21010 21010 pts/7    Sl   00:00:00 RT  pip-exec 
21010 21017 pts/7    Sl   00:00:00 0T  ~a~      
21010 21017 pts/7    Sl   00:00:00 0T  ~a~      
21010 21022 pts/7    Sl   00:00:00 1T  ~a~      
21010 21022 pts/7    Sl   00:00:00 1T  ~a~      
21010 21026 pts/7    Sl   00:00:00 2T  ~a~      
21010 21026 pts/7    Sl   00:00:00 2T  ~a~      
21010 21030 pts/7    Sl   00:00:00 3T  ~a~      
21010 21030 pts/7    Sl   00:00:00 3T  ~a~      
21010 21032 pts/7    Sl   00:00:00 4T  ~a~      
21010 21032 pts/7    Sl   00:00:00 4T  ~a~      
21011 21011 pts/7    S    00:00:00 RC  pip-exec 
21018 21018 pts/7    S    00:00:00 0C  ~c~      
21023 21023 pts/7    S    00:00:00 1C  ~c~      
21028 21028 pts/7    S    00:00:00 2C  ~c~      
22815 22815 pts/7    Sl+  00:00:00 RT  pip-exec 
22815 22815 pts/7    Sl+  00:00:00 RT  pip-exec 
22815 22815 pts/7    Sl+  00:00:00 RT  pip-exec 
22815 22820 pts/7    Sl+  00:00:00 0T  ~a~      
22815 22820 pts/7    Sl+  00:00:00 0T  ~a~      
22815 22824 pts/7    Sl+  00:00:00 1T  ~a~      
22815 22824 pts/7    Sl+  00:00:00 1T  ~a~      
22815 22827 pts/7    Sl+  00:00:00 2T  ~a~      
22815 22827 pts/7    Sl+  00:00:00 2T  ~a~      
22815 22830 pts/7    Sl+  00:00:00 3T  ~a~      
22815 22830 pts/7    Sl+  00:00:00 3T  ~a~      
22815 22832 pts/7    Sl+  00:00:00 4T  ~a~      
22815 22832 pts/7    Sl+  00:00:00 4T  ~a~      
22815 22820 pts/7    Sl+  00:00:00 0T  ~a~      
22815 22815 pts/7    Sl+  00:00:00 RT  pip-exec 
22815 22815 pts/7    Sl+  00:00:00 RT  pip-exec 
22815 22820 pts/7    Sl+  00:00:00 0T  ~a~      
22815 22820 pts/7    Sl+  00:00:00 0T  ~a~      
22815 22824 pts/7    Sl+  00:00:00 1T  ~a~      
22815 22824 pts/7    Sl+  00:00:00 1T  ~a~      
22815 22827 pts/7    Sl+  00:00:00 2T  ~a~      
22815 22827 pts/7    Sl+  00:00:00 2T  ~a~      
22815 22830 pts/7    Sl+  00:00:00 3T  ~a~      
22815 22830 pts/7    Sl+  00:00:00 3T  ~a~      
22815 22832 pts/7    Sl+  00:00:00 4T  ~a~      
22815 22832 pts/7    Sl+  00:00:00 4T  ~a~      
22815 22824 pts/7    Sl+  00:00:00 1T  ~a~      
22815 22815 pts/7    Sl+  00:00:00 RT  pip-exec 
22815 22815 pts/7    Sl+  00:00:00 RT  pip-exec 
22815 22820 pts/7    Sl+  00:00:00 0T  ~a~      
22815 22820 pts/7    Sl+  00:00:00 0T  ~a~      
22815 22824 pts/7    Sl+  00:00:00 1T  ~a~      
22815 22824 pts/7    Sl+  00:00:00 1T  ~a~      
22815 22827 pts/7    Sl+  00:00:00 2T  ~a~      
22815 22827 pts/7    Sl+  00:00:00 2T  ~a~      
22815 22830 pts/7    Sl+  00:00:00 3T  ~a~      
22815 22830 pts/7    Sl+  00:00:00 3T  ~a~      
22815 22832 pts/7    Sl+  00:00:00 4T  ~a~      
22815 22832 pts/7    Sl+  00:00:00 4T  ~a~      
22815 22827 pts/7    Sl+  00:00:00 2T  ~a~      
22815 22815 pts/7    Sl+  00:00:00 RT  pip-exec 
22815 22815 pts/7    Sl+  00:00:00 RT  pip-exec 
22815 22820 pts/7    Sl+  00:00:00 0T  ~a~      
22815 22820 pts/7    Sl+  00:00:00 0T  ~a~      
22815 22824 pts/7    Sl+  00:00:00 1T  ~a~      
22815 22824 pts/7    Sl+  00:00:00 1T  ~a~      
22815 22827 pts/7    Sl+  00:00:00 2T  ~a~      
22815 22827 pts/7    Sl+  00:00:00 2T  ~a~      
22815 22830 pts/7    Sl+  00:00:00 3T  ~a~      
22815 22830 pts/7    Sl+  00:00:00 3T  ~a~      
22815 22832 pts/7    Sl+  00:00:00 4T  ~a~      
22815 22832 pts/7    Sl+  00:00:00 4T  ~a~      
22815 22830 pts/7    Sl+  00:00:00 3T  ~a~      
22815 22815 pts/7    Sl+  00:00:00 RT  pip-exec 
22815 22815 pts/7    Sl+  00:00:00 RT  pip-exec 
22815 22820 pts/7    Sl+  00:00:00 0T  ~a~      
22815 22820 pts/7    Sl+  00:00:00 0T  ~a~      
22815 22824 pts/7    Sl+  00:00:00 1T  ~a~      
22815 22824 pts/7    Sl+  00:00:00 1T  ~a~      
22815 22827 pts/7    Sl+  00:00:00 2T  ~a~      
22815 22827 pts/7    Sl+  00:00:00 2T  ~a~      
22815 22830 pts/7    Sl+  00:00:00 3T  ~a~      
22815 22830 pts/7    Sl+  00:00:00 3T  ~a~      
22815 22832 pts/7    Sl+  00:00:00 4T  ~a~      
22815 22832 pts/7    Sl+  00:00:00 4T  ~a~      
22815 22832 pts/7    Sl+  00:00:00 4T  ~a~      
22815 22815 pts/7    Sl+  00:00:00 RT  pip-exec 
22815 22815 pts/7    Sl+  00:00:00 RT  pip-exec 
22815 22820 pts/7    Sl+  00:00:00 0T  ~a~      
22815 22820 pts/7    Sl+  00:00:00 0T  ~a~      
22815 22824 pts/7    Sl+  00:00:00 1T  ~a~      
22815 22824 pts/7    Sl+  00:00:00 1T  ~a~      
22815 22827 pts/7    Sl+  00:00:00 2T  ~a~      
22815 22827 pts/7    Sl+  00:00:00 2T  ~a~      
22815 22830 pts/7    Sl+  00:00:00 3T  ~a~      
22815 22830 pts/7    Sl+  00:00:00 3T  ~a~      
22815 22832 pts/7    Sl+  00:00:00 4T  ~a~      
22815 22832 pts/7    Sl+  00:00:00 4T  ~a~      
22816 22816 pts/7    S+   00:00:00 RC  pip-exec 
22822 22822 pts/7    S+   00:00:00 0C  ~c~      
22825 22825 pts/7    S+   00:00:00 1C  ~c~      
22829 22829 pts/7    S+   00:00:00 2C  ~c~      
