pip-tgkill INT 29870 0.~a~
pip-tgkill INT 29871 1.~a~
pip-tgkill INT 29872 2.~a~
pip-tgkill INT 29873 3.~a~
pip-tgkill INT 30132 0.~b~
pip-tgkill INT 30133 1.~b~
pip-tgkill INT 30134 2.~b~
pip-tgkill INT 30135 3.~b~
pip-tgkill INT 30574 0|~a~
pip-tgkill INT 30576 1|~a~
pip-tgkill INT 30578 2|~a~
pip-tgkill INT 30581 3|~a~
pip-tgkill INT 30584 4|~a~
pip-tgkill INT 30575 0.~b~
pip-tgkill INT 30577 1.~b~
pip-tgkill INT 30579 2.~b~
pip-tgkill INT 30580 0;~c~
pip-tgkill INT 30582 3.~b~
pip-tgkill INT 30583 1;~c~
pip-tgkill INT 30585 2;~c~
pip-tgkill INT 30586 0:~d~
pip-tgkill INT 30587 1:~d~
pip-tgkill INT 29869 R.pip-exec
pip-tgkill INT 30131 R.pip-exec
pip-tgkill INT 30569 R;pip-exec
pip-tgkill INT 30570 R:pip-exec
pip-tgkill INT 30571 R.pip-exec
pip-tgkill INT 30572 R|pip-exec
