PID   TID   TT       STAT TIME     PIP COMMAND 
21010 21017 pts/7    Sl   00:00:00 0T  ~a~     
21018 21018 pts/7    S    00:00:00 0C  ~c~     
21019 21019 pts/7    S    00:00:00 0L  ~d~     
21020 21020 pts/7    S    00:00:00 0G  ~b~     
21010 21022 pts/7    Sl   00:00:00 1T  ~a~     
21023 21023 pts/7    S    00:00:00 1C  ~c~     
21024 21024 pts/7    S    00:00:00 1L  ~d~     
21025 21025 pts/7    S    00:00:00 1G  ~b~     
21010 21026 pts/7    Sl   00:00:00 2T  ~a~     
21028 21028 pts/7    S    00:00:00 2C  ~c~     
21029 21029 pts/7    S    00:00:00 2G  ~b~     
21010 21030 pts/7    Sl   00:00:00 3T  ~a~     
21031 21031 pts/7    S    00:00:00 3G  ~b~     
21010 21032 pts/7    Sl   00:00:00 4T  ~a~     
22819 22819 pts/7    S+   00:00:00 0L  ~d~     
22815 22820 pts/7    Sl+  00:00:00 0T  ~a~     
22821 22821 pts/7    S+   00:00:00 0G  ~b~     
22822 22822 pts/7    S+   00:00:00 0C  ~c~     
22823 22823 pts/7    S+   00:00:00 1L  ~d~     
22815 22824 pts/7    Sl+  00:00:00 1T  ~a~     
22825 22825 pts/7    S+   00:00:00 1C  ~c~     
22826 22826 pts/7    S+   00:00:00 1G  ~b~     
22815 22827 pts/7    Sl+  00:00:00 2T  ~a~     
22828 22828 pts/7    S+   00:00:00 2G  ~b~     
22829 22829 pts/7    S+   00:00:00 2C  ~c~     
22815 22830 pts/7    Sl+  00:00:00 3T  ~a~     
22831 22831 pts/7    S+   00:00:00 3G  ~b~     
22815 22832 pts/7    Sl+  00:00:00 4T  ~a~     
