USER     PID   TID   %CPU %MEM VSZ    RSS  TT       STAT START   TIME     PIP COMMAND  
ahori    15201 15201 0.0  0.0  180568 3324 pts/1    S    09:22   00:00:00 RT  pip-exec 
ahori    15443 15443 0.0  0.0  180568 3320 pts/1    S    09:27   00:00:00 RT  pip-exec 
ahori    20420 20420 0.0  0.0  180568 3324 pts/1    S    09:42   00:00:00 RT  pip-exec 
ahori    22565 22565 0.0  0.0  354536 2668 pts/1    S+   09:53   00:00:00 RG  pip-exec 
ahori    22567 22567 0.0  0.0  268616 4164 pts/1    S+   09:53   00:00:00 RC  pip-exec 
ahori    22568 22568 0.0  0.0  112896 5008 pts/1    Sl+  09:53   00:00:00 RT  pip-exec 
ahori    22569 22569 0.0  0.0  184620 1672 pts/1    S+   09:53   00:00:00 RL  pip-exec 
ahori    22570 22570 0.0  0.0  354536 2668 pts/1    S+   09:53   00:00:00 0G  ~b~      
ahori    22571 22571 0.0  0.0  268616 4164 pts/1    S+   09:53   00:00:00 0C  ~c~      
ahori    22572 22572 0.0  0.0  354536 2668 pts/1    S+   09:53   00:00:00 1G  ~b~      
ahori    22568 22573 0.0  0.0  112896 5008 pts/1    Sl+  09:53   00:00:00 0T  ~a~      
ahori    22574 22574 0.0  0.0  184620 1672 pts/1    S+   09:53   00:00:00 0L  ~d~      
ahori    22575 22575 0.0  0.0  354536 2668 pts/1    S+   09:53   00:00:00 2G  ~b~      
ahori    22576 22576 0.0  0.0  268616 4164 pts/1    S+   09:53   00:00:00 1C  ~c~      
ahori    22568 22577 0.0  0.0  112896 5008 pts/1    Sl+  09:53   00:00:00 1T  ~a~      
ahori    22578 22578 0.0  0.0  184620 1672 pts/1    S+   09:53   00:00:00 1L  ~d~      
ahori    22579 22579 0.0  0.0  354536 2668 pts/1    S+   09:53   00:00:00 3G  ~b~      
ahori    22568 22580 0.0  0.0  112896 5008 pts/1    Sl+  09:53   00:00:00 2T  ~a~      
ahori    22581 22581 0.0  0.0  268616 4164 pts/1    S+   09:53   00:00:00 2C  ~c~      
ahori    22568 22582 0.0  0.0  112896 5008 pts/1    Sl+  09:53   00:00:00 3T  ~a~      
ahori    22568 22583 0.0  0.0  112896 5008 pts/1    Sl+  09:53   00:00:00 4T  ~a~      
