USER     PID   TID   %CPU %MEM VSZ    RSS  TT       STAT START   TIME     PIP COMMAND  
g10013   29869 29869 0.0  0.0  92624  2636 pts/11   S    16:43   00:00:00 RG  pip-exec 
g10013   29870 29870 0.0  0.0  92624  2636 pts/11   S    16:43   00:00:00 0G  ~a~      
g10013   29871 29871 0.0  0.0  92624  2636 pts/11   S    16:43   00:00:00 1G  ~a~      
g10013   29872 29872 0.0  0.0  92624  2636 pts/11   S    16:43   00:00:00 2G  ~a~      
g10013   29873 29873 0.0  0.0  92624  2636 pts/11   S    16:43   00:00:00 3G  ~a~      
g10013   30131 30131 0.0  0.0  92624  2636 pts/11   S    16:43   00:00:00 RG  pip-exec 
g10013   30132 30132 0.0  0.0  92624  2636 pts/11   S    16:43   00:00:00 0G  ~b~      
g10013   30133 30133 0.0  0.0  92624  2636 pts/11   S    16:43   00:00:00 1G  ~b~      
g10013   30134 30134 0.0  0.0  92624  2636 pts/11   S    16:43   00:00:00 2G  ~b~      
g10013   30135 30135 0.0  0.0  92624  2636 pts/11   S    16:43   00:00:00 3G  ~b~      
g10013   30569 30569 0.0  0.0  72196  2200 pts/11   S+   16:44   00:00:00 RC  pip-exec 
g10013   30570 30570 0.0  0.0  53748  1764 pts/11   S+   16:44   00:00:00 RL  pip-exec 
g10013   30571 30571 0.0  0.0  92624  2652 pts/11   S+   16:44   00:00:00 RG  pip-exec 
g10013   30572 30572 0.0  0.0  113036 3056 pts/11   Sl+  16:44   00:00:00 RT  pip-exec 
g10013   30572 30574 0.0  0.0  113036 3056 pts/11   Sl+  16:44   00:00:00 0T  ~a~      
g10013   30575 30575 0.0  0.0  92624  2652 pts/11   S+   16:44   00:00:00 0G  ~b~      
g10013   30572 30576 0.0  0.0  113036 3056 pts/11   Sl+  16:44   00:00:00 1T  ~a~      
g10013   30577 30577 0.0  0.0  92624  2652 pts/11   S+   16:44   00:00:00 1G  ~b~      
g10013   30572 30578 0.0  0.0  113036 3056 pts/11   Sl+  16:44   00:00:00 2T  ~a~      
g10013   30579 30579 0.0  0.0  92624  2652 pts/11   S+   16:44   00:00:00 2G  ~b~      
g10013   30580 30580 0.0  0.0  72196  2200 pts/11   S+   16:44   00:00:00 0C  ~c~      
g10013   30572 30581 0.0  0.0  113036 3056 pts/11   Sl+  16:44   00:00:00 3T  ~a~      
g10013   30582 30582 0.0  0.0  92624  2652 pts/11   S+   16:44   00:00:00 3G  ~b~      
g10013   30583 30583 0.0  0.0  72196  2200 pts/11   S+   16:44   00:00:00 1C  ~c~      
g10013   30572 30584 0.0  0.0  113036 3056 pts/11   Sl+  16:44   00:00:00 4T  ~a~      
g10013   30585 30585 0.0  0.0  72196  2200 pts/11   S+   16:44   00:00:00 2C  ~c~      
g10013   30586 30586 0.0  0.0  53748  1764 pts/11   S+   16:44   00:00:00 0L  ~d~      
g10013   30587 30587 0.0  0.0  53748  1764 pts/11   S+   16:44   00:00:00 1L  ~d~      
