pip-tgkill HUP 29870 0.~a~
pip-tgkill HUP 29871 1.~a~
pip-tgkill HUP 29872 2.~a~
pip-tgkill HUP 29873 3.~a~
pip-tgkill HUP 30132 0.~b~
pip-tgkill HUP 30133 1.~b~
pip-tgkill HUP 30134 2.~b~
pip-tgkill HUP 30135 3.~b~
pip-tgkill HUP 30574 0|~a~
pip-tgkill HUP 30576 1|~a~
pip-tgkill HUP 30578 2|~a~
pip-tgkill HUP 30581 3|~a~
pip-tgkill HUP 30584 4|~a~
pip-tgkill HUP 30575 0.~b~
pip-tgkill HUP 30577 1.~b~
pip-tgkill HUP 30579 2.~b~
pip-tgkill HUP 30580 0;~c~
pip-tgkill HUP 30582 3.~b~
pip-tgkill HUP 30583 1;~c~
pip-tgkill HUP 30585 2;~c~
pip-tgkill HUP 30586 0:~d~
pip-tgkill HUP 30587 1:~d~
pip-tgkill HUP 29869 R.pip-exec
pip-tgkill HUP 30131 R.pip-exec
pip-tgkill HUP 30569 R;pip-exec
pip-tgkill HUP 30570 R:pip-exec
pip-tgkill HUP 30571 R.pip-exec
pip-tgkill HUP 30572 R|pip-exec
