PID   TID   TT       STAT TIME     PIP COMMAND  
21011 21011 pts/7    S    00:00:00 RC  pip-exec 
21012 21012 pts/7    S    00:00:00 RG  pip-exec 
21013 21013 pts/7    S    00:00:00 RL  pip-exec 
21018 21018 pts/7    S    00:00:00 0C  ~c~      
21019 21019 pts/7    S    00:00:00 0L  ~d~      
21020 21020 pts/7    S    00:00:00 0G  ~b~      
21023 21023 pts/7    S    00:00:00 1C  ~c~      
21024 21024 pts/7    S    00:00:00 1L  ~d~      
21025 21025 pts/7    S    00:00:00 1G  ~b~      
21028 21028 pts/7    S    00:00:00 2C  ~c~      
21029 21029 pts/7    S    00:00:00 2G  ~b~      
21031 21031 pts/7    S    00:00:00 3G  ~b~      
22816 22816 pts/7    S+   00:00:00 RC  pip-exec 
22817 22817 pts/7    S+   00:00:00 RL  pip-exec 
22818 22818 pts/7    S+   00:00:00 RG  pip-exec 
22819 22819 pts/7    S+   00:00:00 0L  ~d~      
22821 22821 pts/7    S+   00:00:00 0G  ~b~      
22822 22822 pts/7    S+   00:00:00 0C  ~c~      
22823 22823 pts/7    S+   00:00:00 1L  ~d~      
22825 22825 pts/7    S+   00:00:00 1C  ~c~      
22826 22826 pts/7    S+   00:00:00 1G  ~b~      
22828 22828 pts/7    S+   00:00:00 2G  ~b~      
22829 22829 pts/7    S+   00:00:00 2C  ~c~      
22831 22831 pts/7    S+   00:00:00 3G  ~b~      
