pip-tgkill HUP 22573 0|~a~
pip-tgkill HUP 22577 1|~a~
pip-tgkill HUP 22580 2|~a~
pip-tgkill HUP 22582 3|~a~
pip-tgkill HUP 22583 4|~a~
pip-tgkill HUP 22570 0.~b~
pip-tgkill HUP 22571 0;~c~
pip-tgkill HUP 22572 1.~b~
pip-tgkill HUP 22574 0:~d~
pip-tgkill HUP 22575 2.~b~
pip-tgkill HUP 22576 1;~c~
pip-tgkill HUP 22578 1:~d~
pip-tgkill HUP 22579 3.~b~
pip-tgkill HUP 22581 2;~c~
pip-tgkill HUP 15201 R|pip-exec
pip-tgkill HUP 15443 R|pip-exec
pip-tgkill HUP 20420 R|pip-exec
pip-tgkill HUP 22565 R.pip-exec
pip-tgkill HUP 22567 R;pip-exec
pip-tgkill HUP 22568 R|pip-exec
pip-tgkill HUP 22569 R:pip-exec
